<!DOCTYPE html>

<html>
  <head>
  <title>TestNG reports</title>

    <link type="text/css" href="testng-reports.css" rel="stylesheet" />  
    <script type="text/javascript" src="jquery-1.7.1.min.js"></script>
    <script type="text/javascript" src="testng-reports.js"></script>
    <script type="text/javascript" src="https://www.google.com/jsapi"></script>
    <script type='text/javascript'>
      google.load('visualization', '1', {packages:['table']});
      google.setOnLoadCallback(drawTable);
      var suiteTableInitFunctions = new Array();
      var suiteTableData = new Array();
    </script>
    <!--
      <script type="text/javascript" src="jquery-ui/js/jquery-ui-1.8.16.custom.min.js"></script>
     -->
  </head>

  <body>
    <div class="top-banner-root">
      <span class="top-banner-title-font">Test results</span>
      <br/>
      <span class="top-banner-font-1">1 suite, 3 failed tests</span>
    </div> <!-- top-banner-root -->
    <div class="navigator-root">
      <div class="navigator-suite-header">
        <span>All suites</span>
        <a href="#" class="collapse-all-link" title="Collapse/expand all the suites">
          <img class="collapse-all-icon" src="collapseall.gif">
          </img> <!-- collapse-all-icon -->
        </a> <!-- collapse-all-link -->
      </div> <!-- navigator-suite-header -->
      <div class="suite">
        <div class="rounded-window">
          <div class="suite-header light-rounded-window-top">
            <a href="#" class="navigator-link" panel-name="suite-AutomationSuite">
              <span class="suite-name border-failed">AutomationSuite</span>
            </a> <!-- navigator-link -->
          </div> <!-- suite-header light-rounded-window-top -->
          <div class="navigator-suite-content">
            <div class="suite-section-title">
              <span>Info</span>
            </div> <!-- suite-section-title -->
            <div class="suite-section-content">
              <ul>
                <li>
                  <a href="#" class="navigator-link " panel-name="test-xml-AutomationSuite">
                    <span>C:\Users\sb49849.IND\git\Framework\ShellTest\testNG.xml</span>
                  </a> <!-- navigator-link  -->
                </li>
                <li>
                  <a href="#" class="navigator-link " panel-name="testlist-AutomationSuite">
                    <span class="test-stats">2 tests</span>
                  </a> <!-- navigator-link  -->
                </li>
                <li>
                  <a href="#" class="navigator-link " panel-name="group-AutomationSuite">
                    <span>0 groups</span>
                  </a> <!-- navigator-link  -->
                </li>
                <li>
                  <a href="#" class="navigator-link " panel-name="times-AutomationSuite">
                    <span>Times</span>
                  </a> <!-- navigator-link  -->
                </li>
                <li>
                  <a href="#" class="navigator-link " panel-name="reporter-AutomationSuite">
                    <span>Reporter output</span>
                  </a> <!-- navigator-link  -->
                </li>
                <li>
                  <a href="#" class="navigator-link " panel-name="ignored-methods-AutomationSuite">
                    <span>Ignored methods</span>
                  </a> <!-- navigator-link  -->
                </li>
                <li>
                  <a href="#" class="navigator-link " panel-name="chronological-AutomationSuite">
                    <span>Chronological view</span>
                  </a> <!-- navigator-link  -->
                </li>
              </ul>
            </div> <!-- suite-section-content -->
            <div class="result-section">
              <div class="suite-section-title">
                <span>Results</span>
              </div> <!-- suite-section-title -->
              <div class="suite-section-content">
                <ul>
                  <li>
                    <span class="method-stats">13 methods, 3 failed,   10 passed</span>
                  </li>
                  <li>
                    <span class="method-list-title failed">Failed methods</span>
                    <span class="show-or-hide-methods failed">
                      <a href="#" panel-name="suite-AutomationSuite" class="hide-methods failed suite-AutomationSuite"> (hide)</a> <!-- hide-methods failed suite-AutomationSuite -->
                      <a href="#" panel-name="suite-AutomationSuite" class="show-methods failed suite-AutomationSuite"> (show)</a> <!-- show-methods failed suite-AutomationSuite -->
                    </span>
                    <div class="method-list-content failed suite-AutomationSuite">
                      <span>
                        <img width="3%" src="failed.png"/>
                        <a href="#" class="method navigator-link" panel-name="suite-AutomationSuite" title="com.Shell.qa.TestCases.TC02_HomePageTest" hash-for-method="HomeTest">HomeTest</a> <!-- method navigator-link -->
                      </span>
                      <br/>
                      <span>
                        <img width="3%" src="failed.png"/>
                        <a href="#" class="method navigator-link" panel-name="suite-AutomationSuite" title="com.Shell.qa.TestCases.TC02_HomePageTest" hash-for-method="HomeTest">HomeTest</a> <!-- method navigator-link -->
                      </span>
                      <br/>
                      <span>
                        <img width="3%" src="failed.png"/>
                        <a href="#" class="method navigator-link" panel-name="suite-AutomationSuite" title="com.Shell.qa.TestCases.TC01_LoginPageTest" hash-for-method="LoginTest({Password=HiP3rf0rm@ncefuel, UserName=AutomationMultiPayerSingleAccount})">LoginTest({Password=HiP3rf0rm@ncefuel, UserName=AutomationMultiPayerSingleAccount})</a> <!-- method navigator-link -->
                      </span>
                      <br/>
                    </div> <!-- method-list-content failed suite-AutomationSuite -->
                  </li>
                  <li>
                    <span class="method-list-title passed">Passed methods</span>
                    <span class="show-or-hide-methods passed">
                      <a href="#" panel-name="suite-AutomationSuite" class="hide-methods passed suite-AutomationSuite"> (hide)</a> <!-- hide-methods passed suite-AutomationSuite -->
                      <a href="#" panel-name="suite-AutomationSuite" class="show-methods passed suite-AutomationSuite"> (show)</a> <!-- show-methods passed suite-AutomationSuite -->
                    </span>
                    <div class="method-list-content passed suite-AutomationSuite">
                      <span>
                        <img width="3%" src="passed.png"/>
                        <a href="#" class="method navigator-link" panel-name="suite-AutomationSuite" title="com.Shell.qa.TestCases.TC01_LoginPageTest" hash-for-method="LoginTest({Password=HiP3rf0rm@ncefuel, UserName=AutomationMultiPayerSingleAccount})">LoginTest({Password=HiP3rf0rm@ncefuel, UserName=AutomationMultiPayerSingleAccount})</a> <!-- method navigator-link -->
                      </span>
                      <br/>
                      <span>
                        <img width="3%" src="passed.png"/>
                        <a href="#" class="method navigator-link" panel-name="suite-AutomationSuite" title="com.Shell.qa.TestCases.TC01_LoginPageTest" hash-for-method="LoginTest({Password=HiP3rf0rm@ncefuel, UserName=AutomationSinglePayerSingleAccount})">LoginTest({Password=HiP3rf0rm@ncefuel, UserName=AutomationSinglePayerSingleAccount})</a> <!-- method navigator-link -->
                      </span>
                      <br/>
                      <span>
                        <img width="3%" src="passed.png"/>
                        <a href="#" class="method navigator-link" panel-name="suite-AutomationSuite" title="com.Shell.qa.TestCases.TC02_HomePageTest" hash-for-method="ValidateBlockCardLink">ValidateBlockCardLink</a> <!-- method navigator-link -->
                      </span>
                      <br/>
                      <span>
                        <img width="3%" src="passed.png"/>
                        <a href="#" class="method navigator-link" panel-name="suite-AutomationSuite" title="com.Shell.qa.TestCases.TC02_HomePageTest" hash-for-method="ValidateCancelCardLink">ValidateCancelCardLink</a> <!-- method navigator-link -->
                      </span>
                      <br/>
                      <span>
                        <img width="3%" src="passed.png"/>
                        <a href="#" class="method navigator-link" panel-name="suite-AutomationSuite" title="com.Shell.qa.TestCases.TC02_HomePageTest" hash-for-method="ValidateCardActivityLink">ValidateCardActivityLink</a> <!-- method navigator-link -->
                      </span>
                      <br/>
                      <span>
                        <img width="3%" src="passed.png"/>
                        <a href="#" class="method navigator-link" panel-name="suite-AutomationSuite" title="com.Shell.qa.TestCases.TC02_HomePageTest" hash-for-method="ValidateCardsLink">ValidateCardsLink</a> <!-- method navigator-link -->
                      </span>
                      <br/>
                      <span>
                        <img width="3%" src="passed.png"/>
                        <a href="#" class="method navigator-link" panel-name="suite-AutomationSuite" title="com.Shell.qa.TestCases.TC02_HomePageTest" hash-for-method="ValidateFinanceLink">ValidateFinanceLink</a> <!-- method navigator-link -->
                      </span>
                      <br/>
                      <span>
                        <img width="3%" src="passed.png"/>
                        <a href="#" class="method navigator-link" panel-name="suite-AutomationSuite" title="com.Shell.qa.TestCases.TC02_HomePageTest" hash-for-method="ValidateHomePage">ValidateHomePage</a> <!-- method navigator-link -->
                      </span>
                      <br/>
                      <span>
                        <img width="3%" src="passed.png"/>
                        <a href="#" class="method navigator-link" panel-name="suite-AutomationSuite" title="com.Shell.qa.TestCases.TC01_LoginPageTest" hash-for-method="ValidateLoginPage">ValidateLoginPage</a> <!-- method navigator-link -->
                      </span>
                      <br/>
                      <span>
                        <img width="3%" src="passed.png"/>
                        <a href="#" class="method navigator-link" panel-name="suite-AutomationSuite" title="com.Shell.qa.TestCases.TC02_HomePageTest" hash-for-method="ValidateOrderaCardLink">ValidateOrderaCardLink</a> <!-- method navigator-link -->
                      </span>
                      <br/>
                    </div> <!-- method-list-content passed suite-AutomationSuite -->
                  </li>
                </ul>
              </div> <!-- suite-section-content -->
            </div> <!-- result-section -->
          </div> <!-- navigator-suite-content -->
        </div> <!-- rounded-window -->
      </div> <!-- suite -->
    </div> <!-- navigator-root -->
    <div class="wrapper">
      <div class="main-panel-root">
        <div panel-name="suite-AutomationSuite" class="panel AutomationSuite">
          <div class="suite-AutomationSuite-class-failed">
            <div class="main-panel-header rounded-window-top">
              <img src="failed.png"/>
              <span class="class-name">com.Shell.qa.TestCases.TC01_LoginPageTest</span>
            </div> <!-- main-panel-header rounded-window-top -->
            <div class="main-panel-content rounded-window-bottom">
              <div class="method">
                <div class="method-content">
                  <a name="LoginTest({Password=HiP3rf0rm@ncefuel, UserName=AutomationMultiPayerSingleAccount})">
                  </a> <!-- LoginTest({Password=HiP3rf0rm@ncefuel, UserName=AutomationMultiPayerSingleAccount}) -->
                  <span class="method-name">LoginTest</span>
                  <span class="parameters">({Password=HiP3rf0rm@ncefuel, UserName=AutomationMultiPayerSingleAccount})</span>
                  <div class="stack-trace"><b>"java.lang.AssertionError: Unsuccessful to move to Home Page
	at com.Shell.qa.TestCases.TC01_LoginPageTest.LoginTest(TC01_LoginPageTest.java:71)
... Removed 25 stack frames<br/> java.lang.AssertionError: Unsuccessful to move to Home Page
	at org.testng.Assert.fail(Assert.java:94)
	at com.Shell.qa.TestCases.TC01_LoginPageTest.LoginTest(TC01_LoginPageTest.java:71)
	at sun.reflect.NativeMethodAccessorImpl.invoke0(Native Method)
	at sun.reflect.NativeMethodAccessorImpl.invoke(Unknown Source)
	at sun.reflect.DelegatingMethodAccessorImpl.invoke(Unknown Source)
	at java.lang.reflect.Method.invoke(Unknown Source)
	at org.testng.internal.MethodInvocationHelper.invokeMethod(MethodInvocationHelper.java:80)
	at org.testng.internal.Invoker.invokeMethod(Invoker.java:714)
	at org.testng.internal.Invoker.invokeTestMethod(Invoker.java:901)
	at org.testng.internal.Invoker.invokeTestMethods(Invoker.java:1231)
	at org.testng.internal.TestMethodWorker.invokeTestMethods(TestMethodWorker.java:127)
	at org.testng.internal.TestMethodWorker.run(TestMethodWorker.java:111)
	at org.testng.TestRunner.privateRun(TestRunner.java:767)
	at org.testng.TestRunner.run(TestRunner.java:617)
	at org.testng.SuiteRunner.runTest(SuiteRunner.java:334)
	at org.testng.SuiteRunner.runSequentially(SuiteRunner.java:329)
	at org.testng.SuiteRunner.privateRun(SuiteRunner.java:291)
	at org.testng.SuiteRunner.run(SuiteRunner.java:240)
	at org.testng.SuiteRunnerWorker.runSuite(SuiteRunnerWorker.java:52)
	at org.testng.SuiteRunnerWorker.run(SuiteRunnerWorker.java:86)
	at org.testng.TestNG.runSuitesSequentially(TestNG.java:1198)
	at org.testng.TestNG.runSuitesLocally(TestNG.java:1123)
	at org.testng.TestNG.run(TestNG.java:1031)
	at org.testng.remote.AbstractRemoteTestNG.run(AbstractRemoteTestNG.java:115)
	at org.testng.remote.RemoteTestNG.initAndRun(RemoteTestNG.java:251)
	at org.testng.remote.RemoteTestNG.main(RemoteTestNG.java:77)
"</b><br>org.testng.Assert.fail(Assert.java:94)<br>com.Shell.qa.TestCases.TC01_LoginPageTest.LoginTest(TC01_LoginPageTest.java:71)<br>sun.reflect.NativeMethodAccessorImpl.invoke0(Native Method)<br>sun.reflect.NativeMethodAccessorImpl.invoke(Unknown Source)<br>sun.reflect.DelegatingMethodAccessorImpl.invoke(Unknown Source)<br>java.lang.reflect.Method.invoke(Unknown Source)<br>org.testng.internal.MethodInvocationHelper.invokeMethod(MethodInvocationHelper.java:80)<br>org.testng.internal.Invoker.invokeMethod(Invoker.java:714)<br>org.testng.internal.Invoker.invokeTestMethod(Invoker.java:901)<br>org.testng.internal.Invoker.invokeTestMethods(Invoker.java:1231)<br>org.testng.internal.TestMethodWorker.invokeTestMethods(TestMethodWorker.java:127)<br>org.testng.internal.TestMethodWorker.run(TestMethodWorker.java:111)<br>org.testng.TestRunner.privateRun(TestRunner.java:767)<br>org.testng.TestRunner.run(TestRunner.java:617)<br>org.testng.SuiteRunner.runTest(SuiteRunner.java:334)<br>org.testng.SuiteRunner.runSequentially(SuiteRunner.java:329)<br>org.testng.SuiteRunner.privateRun(SuiteRunner.java:291)<br>org.testng.SuiteRunner.run(SuiteRunner.java:240)<br>org.testng.SuiteRunnerWorker.runSuite(SuiteRunnerWorker.java:52)<br>org.testng.SuiteRunnerWorker.run(SuiteRunnerWorker.java:86)<br>org.testng.TestNG.runSuitesSequentially(TestNG.java:1198)<br>org.testng.TestNG.runSuitesLocally(TestNG.java:1123)<br>org.testng.TestNG.run(TestNG.java:1031)<br>org.testng.remote.AbstractRemoteTestNG.run(AbstractRemoteTestNG.java:115)<br>org.testng.remote.RemoteTestNG.initAndRun(RemoteTestNG.java:251)<br>org.testng.remote.RemoteTestNG.main(RemoteTestNG.java:77)<br>
</div> <!-- stack-trace -->
                  <em>
(Validating after Login, Home page is displayed)                  </em>
                </div> <!-- method-content -->
              </div> <!-- method -->
            </div> <!-- main-panel-content rounded-window-bottom -->
          </div> <!-- suite-AutomationSuite-class-failed -->
          <div class="suite-AutomationSuite-class-failed">
            <div class="main-panel-header rounded-window-top">
              <img src="failed.png"/>
              <span class="class-name">com.Shell.qa.TestCases.TC02_HomePageTest</span>
            </div> <!-- main-panel-header rounded-window-top -->
            <div class="main-panel-content rounded-window-bottom">
              <div class="method">
                <div class="method-content">
                  <a name="HomeTest">
                  </a> <!-- HomeTest -->
                  <span class="method-name">HomeTest</span>
                  <div class="stack-trace"><b>"java.lang.AssertionError: On clicking cards from home page, unsuccessful to move to Cards Page
	at com.Shell.qa.TestCases.TC02_HomePageTest.HomeTest(TC02_HomePageTest.java:124)
... Removed 25 stack frames<br/> java.lang.AssertionError: On clicking cards from home page, unsuccessful to move to Cards Page
	at org.testng.Assert.fail(Assert.java:94)
	at com.Shell.qa.TestCases.TC02_HomePageTest.HomeTest(TC02_HomePageTest.java:124)
	at sun.reflect.NativeMethodAccessorImpl.invoke0(Native Method)
	at sun.reflect.NativeMethodAccessorImpl.invoke(Unknown Source)
	at sun.reflect.DelegatingMethodAccessorImpl.invoke(Unknown Source)
	at java.lang.reflect.Method.invoke(Unknown Source)
	at org.testng.internal.MethodInvocationHelper.invokeMethod(MethodInvocationHelper.java:80)
	at org.testng.internal.Invoker.invokeMethod(Invoker.java:714)
	at org.testng.internal.Invoker.invokeTestMethod(Invoker.java:901)
	at org.testng.internal.Invoker.invokeTestMethods(Invoker.java:1231)
	at org.testng.internal.TestMethodWorker.invokeTestMethods(TestMethodWorker.java:127)
	at org.testng.internal.TestMethodWorker.run(TestMethodWorker.java:111)
	at org.testng.TestRunner.privateRun(TestRunner.java:767)
	at org.testng.TestRunner.run(TestRunner.java:617)
	at org.testng.SuiteRunner.runTest(SuiteRunner.java:334)
	at org.testng.SuiteRunner.runSequentially(SuiteRunner.java:329)
	at org.testng.SuiteRunner.privateRun(SuiteRunner.java:291)
	at org.testng.SuiteRunner.run(SuiteRunner.java:240)
	at org.testng.SuiteRunnerWorker.runSuite(SuiteRunnerWorker.java:52)
	at org.testng.SuiteRunnerWorker.run(SuiteRunnerWorker.java:86)
	at org.testng.TestNG.runSuitesSequentially(TestNG.java:1198)
	at org.testng.TestNG.runSuitesLocally(TestNG.java:1123)
	at org.testng.TestNG.run(TestNG.java:1031)
	at org.testng.remote.AbstractRemoteTestNG.run(AbstractRemoteTestNG.java:115)
	at org.testng.remote.RemoteTestNG.initAndRun(RemoteTestNG.java:251)
	at org.testng.remote.RemoteTestNG.main(RemoteTestNG.java:77)
"</b><br>org.testng.Assert.fail(Assert.java:94)<br>com.Shell.qa.TestCases.TC02_HomePageTest.HomeTest(TC02_HomePageTest.java:124)<br>sun.reflect.NativeMethodAccessorImpl.invoke0(Native Method)<br>sun.reflect.NativeMethodAccessorImpl.invoke(Unknown Source)<br>sun.reflect.DelegatingMethodAccessorImpl.invoke(Unknown Source)<br>java.lang.reflect.Method.invoke(Unknown Source)<br>org.testng.internal.MethodInvocationHelper.invokeMethod(MethodInvocationHelper.java:80)<br>org.testng.internal.Invoker.invokeMethod(Invoker.java:714)<br>org.testng.internal.Invoker.invokeTestMethod(Invoker.java:901)<br>org.testng.internal.Invoker.invokeTestMethods(Invoker.java:1231)<br>org.testng.internal.TestMethodWorker.invokeTestMethods(TestMethodWorker.java:127)<br>org.testng.internal.TestMethodWorker.run(TestMethodWorker.java:111)<br>org.testng.TestRunner.privateRun(TestRunner.java:767)<br>org.testng.TestRunner.run(TestRunner.java:617)<br>org.testng.SuiteRunner.runTest(SuiteRunner.java:334)<br>org.testng.SuiteRunner.runSequentially(SuiteRunner.java:329)<br>org.testng.SuiteRunner.privateRun(SuiteRunner.java:291)<br>org.testng.SuiteRunner.run(SuiteRunner.java:240)<br>org.testng.SuiteRunnerWorker.runSuite(SuiteRunnerWorker.java:52)<br>org.testng.SuiteRunnerWorker.run(SuiteRunnerWorker.java:86)<br>org.testng.TestNG.runSuitesSequentially(TestNG.java:1198)<br>org.testng.TestNG.runSuitesLocally(TestNG.java:1123)<br>org.testng.TestNG.run(TestNG.java:1031)<br>org.testng.remote.AbstractRemoteTestNG.run(AbstractRemoteTestNG.java:115)<br>org.testng.remote.RemoteTestNG.initAndRun(RemoteTestNG.java:251)<br>org.testng.remote.RemoteTestNG.main(RemoteTestNG.java:77)<br>
</div> <!-- stack-trace -->
                  <em>
(Validating after clicking cards from Home Page, Cards page is displayed)                  </em>
                </div> <!-- method-content -->
              </div> <!-- method -->
              <div class="method">
                <div class="method-content">
                  <a name="HomeTest">
                  </a> <!-- HomeTest -->
                  <span class="method-name">HomeTest</span>
                  <div class="stack-trace"><b>"java.lang.AssertionError: On clicking cards from home page, unsuccessful to move to Cards Page
	at com.Shell.qa.TestCases.TC02_HomePageTest.HomeTest(TC02_HomePageTest.java:124)
... Removed 25 stack frames<br/> java.lang.AssertionError: On clicking cards from home page, unsuccessful to move to Cards Page
	at org.testng.Assert.fail(Assert.java:94)
	at com.Shell.qa.TestCases.TC02_HomePageTest.HomeTest(TC02_HomePageTest.java:124)
	at sun.reflect.NativeMethodAccessorImpl.invoke0(Native Method)
	at sun.reflect.NativeMethodAccessorImpl.invoke(Unknown Source)
	at sun.reflect.DelegatingMethodAccessorImpl.invoke(Unknown Source)
	at java.lang.reflect.Method.invoke(Unknown Source)
	at org.testng.internal.MethodInvocationHelper.invokeMethod(MethodInvocationHelper.java:80)
	at org.testng.internal.Invoker.invokeMethod(Invoker.java:714)
	at org.testng.internal.Invoker.retryFailed(Invoker.java:1049)
	at org.testng.internal.Invoker.invokeTestMethods(Invoker.java:1254)
	at org.testng.internal.TestMethodWorker.invokeTestMethods(TestMethodWorker.java:127)
	at org.testng.internal.TestMethodWorker.run(TestMethodWorker.java:111)
	at org.testng.TestRunner.privateRun(TestRunner.java:767)
	at org.testng.TestRunner.run(TestRunner.java:617)
	at org.testng.SuiteRunner.runTest(SuiteRunner.java:334)
	at org.testng.SuiteRunner.runSequentially(SuiteRunner.java:329)
	at org.testng.SuiteRunner.privateRun(SuiteRunner.java:291)
	at org.testng.SuiteRunner.run(SuiteRunner.java:240)
	at org.testng.SuiteRunnerWorker.runSuite(SuiteRunnerWorker.java:52)
	at org.testng.SuiteRunnerWorker.run(SuiteRunnerWorker.java:86)
	at org.testng.TestNG.runSuitesSequentially(TestNG.java:1198)
	at org.testng.TestNG.runSuitesLocally(TestNG.java:1123)
	at org.testng.TestNG.run(TestNG.java:1031)
	at org.testng.remote.AbstractRemoteTestNG.run(AbstractRemoteTestNG.java:115)
	at org.testng.remote.RemoteTestNG.initAndRun(RemoteTestNG.java:251)
	at org.testng.remote.RemoteTestNG.main(RemoteTestNG.java:77)
"</b><br>org.testng.Assert.fail(Assert.java:94)<br>com.Shell.qa.TestCases.TC02_HomePageTest.HomeTest(TC02_HomePageTest.java:124)<br>sun.reflect.NativeMethodAccessorImpl.invoke0(Native Method)<br>sun.reflect.NativeMethodAccessorImpl.invoke(Unknown Source)<br>sun.reflect.DelegatingMethodAccessorImpl.invoke(Unknown Source)<br>java.lang.reflect.Method.invoke(Unknown Source)<br>org.testng.internal.MethodInvocationHelper.invokeMethod(MethodInvocationHelper.java:80)<br>org.testng.internal.Invoker.invokeMethod(Invoker.java:714)<br>org.testng.internal.Invoker.retryFailed(Invoker.java:1049)<br>org.testng.internal.Invoker.invokeTestMethods(Invoker.java:1254)<br>org.testng.internal.TestMethodWorker.invokeTestMethods(TestMethodWorker.java:127)<br>org.testng.internal.TestMethodWorker.run(TestMethodWorker.java:111)<br>org.testng.TestRunner.privateRun(TestRunner.java:767)<br>org.testng.TestRunner.run(TestRunner.java:617)<br>org.testng.SuiteRunner.runTest(SuiteRunner.java:334)<br>org.testng.SuiteRunner.runSequentially(SuiteRunner.java:329)<br>org.testng.SuiteRunner.privateRun(SuiteRunner.java:291)<br>org.testng.SuiteRunner.run(SuiteRunner.java:240)<br>org.testng.SuiteRunnerWorker.runSuite(SuiteRunnerWorker.java:52)<br>org.testng.SuiteRunnerWorker.run(SuiteRunnerWorker.java:86)<br>org.testng.TestNG.runSuitesSequentially(TestNG.java:1198)<br>org.testng.TestNG.runSuitesLocally(TestNG.java:1123)<br>org.testng.TestNG.run(TestNG.java:1031)<br>org.testng.remote.AbstractRemoteTestNG.run(AbstractRemoteTestNG.java:115)<br>org.testng.remote.RemoteTestNG.initAndRun(RemoteTestNG.java:251)<br>org.testng.remote.RemoteTestNG.main(RemoteTestNG.java:77)<br>
</div> <!-- stack-trace -->
                  <em>
(Validating after clicking cards from Home Page, Cards page is displayed)                  </em>
                </div> <!-- method-content -->
              </div> <!-- method -->
            </div> <!-- main-panel-content rounded-window-bottom -->
          </div> <!-- suite-AutomationSuite-class-failed -->
          <div class="suite-AutomationSuite-class-passed">
            <div class="main-panel-header rounded-window-top">
              <img src="passed.png"/>
              <span class="class-name">com.Shell.qa.TestCases.TC01_LoginPageTest</span>
            </div> <!-- main-panel-header rounded-window-top -->
            <div class="main-panel-content rounded-window-bottom">
              <div class="method">
                <div class="method-content">
                  <a name="LoginTest({Password=HiP3rf0rm@ncefuel, UserName=AutomationMultiPayerSingleAccount})">
                  </a> <!-- LoginTest({Password=HiP3rf0rm@ncefuel, UserName=AutomationMultiPayerSingleAccount}) -->
                  <span class="method-name">LoginTest</span>
                  <span class="parameters">({Password=HiP3rf0rm@ncefuel, UserName=AutomationMultiPayerSingleAccount})</span>
                  <em>
(Validating after Login, Home page is displayed)                  </em>
                </div> <!-- method-content -->
              </div> <!-- method -->
              <div class="method">
                <div class="method-content">
                  <a name="LoginTest({Password=HiP3rf0rm@ncefuel, UserName=AutomationSinglePayerSingleAccount})">
                  </a> <!-- LoginTest({Password=HiP3rf0rm@ncefuel, UserName=AutomationSinglePayerSingleAccount}) -->
                  <span class="method-name">LoginTest</span>
                  <span class="parameters">({Password=HiP3rf0rm@ncefuel, UserName=AutomationSinglePayerSingleAccount})</span>
                  <em>
(Validating after Login, Home page is displayed)                  </em>
                </div> <!-- method-content -->
              </div> <!-- method -->
              <div class="method">
                <div class="method-content">
                  <a name="ValidateLoginPage">
                  </a> <!-- ValidateLoginPage -->
                  <span class="method-name">ValidateLoginPage</span>
                  <em>
(Validating Login page is getting displayed)                  </em>
                </div> <!-- method-content -->
              </div> <!-- method -->
            </div> <!-- main-panel-content rounded-window-bottom -->
          </div> <!-- suite-AutomationSuite-class-passed -->
          <div class="suite-AutomationSuite-class-passed">
            <div class="main-panel-header rounded-window-top">
              <img src="passed.png"/>
              <span class="class-name">com.Shell.qa.TestCases.TC02_HomePageTest</span>
            </div> <!-- main-panel-header rounded-window-top -->
            <div class="main-panel-content rounded-window-bottom">
              <div class="method">
                <div class="method-content">
                  <a name="ValidateBlockCardLink">
                  </a> <!-- ValidateBlockCardLink -->
                  <span class="method-name">ValidateBlockCardLink</span>
                  <em>
(Validating 'Block card' link on Home Page)                  </em>
                </div> <!-- method-content -->
              </div> <!-- method -->
              <div class="method">
                <div class="method-content">
                  <a name="ValidateCancelCardLink">
                  </a> <!-- ValidateCancelCardLink -->
                  <span class="method-name">ValidateCancelCardLink</span>
                  <em>
(Validating 'Cancel Card' link on Home Page)                  </em>
                </div> <!-- method-content -->
              </div> <!-- method -->
              <div class="method">
                <div class="method-content">
                  <a name="ValidateCardActivityLink">
                  </a> <!-- ValidateCardActivityLink -->
                  <span class="method-name">ValidateCardActivityLink</span>
                  <em>
(Validating 'Card Activity' link on Home Page)                  </em>
                </div> <!-- method-content -->
              </div> <!-- method -->
              <div class="method">
                <div class="method-content">
                  <a name="ValidateCardsLink">
                  </a> <!-- ValidateCardsLink -->
                  <span class="method-name">ValidateCardsLink</span>
                  <em>
(Validating 'Cards' link on Home Page)                  </em>
                </div> <!-- method-content -->
              </div> <!-- method -->
              <div class="method">
                <div class="method-content">
                  <a name="ValidateFinanceLink">
                  </a> <!-- ValidateFinanceLink -->
                  <span class="method-name">ValidateFinanceLink</span>
                  <em>
(Validating 'Finance' link on Home Page)                  </em>
                </div> <!-- method-content -->
              </div> <!-- method -->
              <div class="method">
                <div class="method-content">
                  <a name="ValidateHomePage">
                  </a> <!-- ValidateHomePage -->
                  <span class="method-name">ValidateHomePage</span>
                  <em>
(Validating Company Name on Home Page)                  </em>
                </div> <!-- method-content -->
              </div> <!-- method -->
              <div class="method">
                <div class="method-content">
                  <a name="ValidateOrderaCardLink">
                  </a> <!-- ValidateOrderaCardLink -->
                  <span class="method-name">ValidateOrderaCardLink</span>
                  <em>
(Validating 'Order a Card' link on Home Page)                  </em>
                </div> <!-- method-content -->
              </div> <!-- method -->
            </div> <!-- main-panel-content rounded-window-bottom -->
          </div> <!-- suite-AutomationSuite-class-passed -->
        </div> <!-- panel AutomationSuite -->
        <div panel-name="test-xml-AutomationSuite" class="panel">
          <div class="main-panel-header rounded-window-top">
            <span class="header-content">C:\Users\sb49849.IND\git\Framework\ShellTest\testNG.xml</span>
          </div> <!-- main-panel-header rounded-window-top -->
          <div class="main-panel-content rounded-window-bottom">
            <pre>
&lt;?xml version=&quot;1.0&quot; encoding=&quot;UTF-8&quot;?&gt;
&lt;!DOCTYPE suite SYSTEM &quot;http://testng.org/testng-1.0.dtd&quot;&gt;
&lt;suite name=&quot;AutomationSuite&quot;&gt;
  &lt;listeners&gt;
    &lt;listener class-name=&quot;com.Shell.qa.Utility.TestNGListeners&quot;/&gt;
    &lt;listener class-name=&quot;com.Shell.qa.Utility.ExtentReportListener&quot;/&gt;
    &lt;listener class-name=&quot;com.Shell.qa.Utility.RetryTransformer&quot;/&gt;
  &lt;/listeners&gt;
  &lt;test name=&quot;TC01_LoginPageTest&quot;&gt;
    &lt;classes&gt;
      &lt;class name=&quot;com.Shell.qa.TestCases.TC01_LoginPageTest&quot;/&gt;
    &lt;/classes&gt;
  &lt;/test&gt; &lt;!-- TC01_LoginPageTest --&gt;
  &lt;test name=&quot;TC02_HomePageTest&quot;&gt;
    &lt;classes&gt;
      &lt;class name=&quot;com.Shell.qa.TestCases.TC02_HomePageTest&quot;/&gt;
    &lt;/classes&gt;
  &lt;/test&gt; &lt;!-- TC02_HomePageTest --&gt;
&lt;/suite&gt; &lt;!-- AutomationSuite --&gt;
            </pre>
          </div> <!-- main-panel-content rounded-window-bottom -->
        </div> <!-- panel -->
        <div panel-name="testlist-AutomationSuite" class="panel">
          <div class="main-panel-header rounded-window-top">
            <span class="header-content">Tests for AutomationSuite</span>
          </div> <!-- main-panel-header rounded-window-top -->
          <div class="main-panel-content rounded-window-bottom">
            <ul>
              <li>
                <span class="test-name">TC01_LoginPageTest (1 class)</span>
              </li>
              <li>
                <span class="test-name">TC02_HomePageTest (1 class)</span>
              </li>
            </ul>
          </div> <!-- main-panel-content rounded-window-bottom -->
        </div> <!-- panel -->
        <div panel-name="group-AutomationSuite" class="panel">
          <div class="main-panel-header rounded-window-top">
            <span class="header-content">Groups for AutomationSuite</span>
          </div> <!-- main-panel-header rounded-window-top -->
          <div class="main-panel-content rounded-window-bottom">
          </div> <!-- main-panel-content rounded-window-bottom -->
        </div> <!-- panel -->
        <div panel-name="times-AutomationSuite" class="panel">
          <div class="main-panel-header rounded-window-top">
            <span class="header-content">Times for AutomationSuite</span>
          </div> <!-- main-panel-header rounded-window-top -->
          <div class="main-panel-content rounded-window-bottom">
            <div class="times-div">
              <script type="text/javascript">
suiteTableInitFunctions.push('tableData_AutomationSuite');
function tableData_AutomationSuite() {
var data = new google.visualization.DataTable();
data.addColumn('number', 'Number');
data.addColumn('string', 'Method');
data.addColumn('string', 'Class');
data.addColumn('number', 'Time (ms)');
data.addRows(13);
data.setCell(0, 0, 0)
data.setCell(0, 1, 'HomeTest')
data.setCell(0, 2, 'com.Shell.qa.TestCases.TC02_HomePageTest')
data.setCell(0, 3, 27438);
data.setCell(1, 0, 1)
data.setCell(1, 1, 'HomeTest')
data.setCell(1, 2, 'com.Shell.qa.TestCases.TC02_HomePageTest')
data.setCell(1, 3, 25349);
data.setCell(2, 0, 2)
data.setCell(2, 1, 'LoginTest')
data.setCell(2, 2, 'com.Shell.qa.TestCases.TC01_LoginPageTest')
data.setCell(2, 3, 18003);
data.setCell(3, 0, 3)
data.setCell(3, 1, 'LoginTest')
data.setCell(3, 2, 'com.Shell.qa.TestCases.TC01_LoginPageTest')
data.setCell(3, 3, 11068);
data.setCell(4, 0, 4)
data.setCell(4, 1, 'LoginTest')
data.setCell(4, 2, 'com.Shell.qa.TestCases.TC01_LoginPageTest')
data.setCell(4, 3, 10563);
data.setCell(5, 0, 5)
data.setCell(5, 1, 'ValidateLoginPage')
data.setCell(5, 2, 'com.Shell.qa.TestCases.TC01_LoginPageTest')
data.setCell(5, 3, 395);
data.setCell(6, 0, 6)
data.setCell(6, 1, 'ValidateFinanceLink')
data.setCell(6, 2, 'com.Shell.qa.TestCases.TC02_HomePageTest')
data.setCell(6, 3, 131);
data.setCell(7, 0, 7)
data.setCell(7, 1, 'ValidateCardsLink')
data.setCell(7, 2, 'com.Shell.qa.TestCases.TC02_HomePageTest')
data.setCell(7, 3, 95);
data.setCell(8, 0, 8)
data.setCell(8, 1, 'ValidateHomePage')
data.setCell(8, 2, 'com.Shell.qa.TestCases.TC02_HomePageTest')
data.setCell(8, 3, 93);
data.setCell(9, 0, 9)
data.setCell(9, 1, 'ValidateOrderaCardLink')
data.setCell(9, 2, 'com.Shell.qa.TestCases.TC02_HomePageTest')
data.setCell(9, 3, 92);
data.setCell(10, 0, 10)
data.setCell(10, 1, 'ValidateCardActivityLink')
data.setCell(10, 2, 'com.Shell.qa.TestCases.TC02_HomePageTest')
data.setCell(10, 3, 87);
data.setCell(11, 0, 11)
data.setCell(11, 1, 'ValidateCancelCardLink')
data.setCell(11, 2, 'com.Shell.qa.TestCases.TC02_HomePageTest')
data.setCell(11, 3, 75);
data.setCell(12, 0, 12)
data.setCell(12, 1, 'ValidateBlockCardLink')
data.setCell(12, 2, 'com.Shell.qa.TestCases.TC02_HomePageTest')
data.setCell(12, 3, 74);
window.suiteTableData['AutomationSuite']= { tableData: data, tableDiv: 'times-div-AutomationSuite'}
return data;
}
              </script>
              <span class="suite-total-time">Total running time: 1 minutes</span>
              <div id="times-div-AutomationSuite">
              </div> <!-- times-div-AutomationSuite -->
            </div> <!-- times-div -->
          </div> <!-- main-panel-content rounded-window-bottom -->
        </div> <!-- panel -->
        <div panel-name="reporter-AutomationSuite" class="panel">
          <div class="main-panel-header rounded-window-top">
            <span class="header-content">Reporter output for AutomationSuite</span>
          </div> <!-- main-panel-header rounded-window-top -->
          <div class="main-panel-content rounded-window-bottom">
          </div> <!-- main-panel-content rounded-window-bottom -->
        </div> <!-- panel -->
        <div panel-name="ignored-methods-AutomationSuite" class="panel">
          <div class="main-panel-header rounded-window-top">
            <span class="header-content">0 ignored methods</span>
          </div> <!-- main-panel-header rounded-window-top -->
          <div class="main-panel-content rounded-window-bottom">
          </div> <!-- main-panel-content rounded-window-bottom -->
        </div> <!-- panel -->
        <div panel-name="chronological-AutomationSuite" class="panel">
          <div class="main-panel-header rounded-window-top">
            <span class="header-content">Methods in chronological order</span>
          </div> <!-- main-panel-header rounded-window-top -->
          <div class="main-panel-content rounded-window-bottom">
            <div class="chronological-class">
              <div class="chronological-class-name">com.Shell.qa.TestCases.TC01_LoginPageTest</div> <!-- chronological-class-name -->
              <div class="configuration-test before">
                <span class="method-name">setExtent</span>
                <span class="method-start">0 ms</span>
              </div> <!-- configuration-test before -->
              <div class="configuration-class before">
                <span class="method-name">CheckRunMode</span>
                <span class="method-start">658 ms</span>
              </div> <!-- configuration-class before -->
              <div class="configuration-method before">
                <span class="method-name">SetUp</span>
                <span class="method-start">705 ms</span>
              </div> <!-- configuration-method before -->
              <div class="test-method">
                <span class="method-name">ValidateLoginPage</span>
                <span class="method-start">46143 ms</span>
              </div> <!-- test-method -->
              <div class="configuration-method after">
                <span class="method-name">QuitBrowser([TestResult name=ValidateLoginPage status=SUCCESS method=TC01_LoginPageTest.ValidateLoginPage()[pri:...)</span>
                <span class="method-start">46538 ms</span>
              </div> <!-- configuration-method after -->
              <div class="configuration-method before">
                <span class="method-name">SetUp</span>
                <span class="method-start">54147 ms</span>
              </div> <!-- configuration-method before -->
              <div class="test-method">
                <span class="method-name">LoginTest({Password=HiP3rf0rm@ncefuel, UserName=AutomationSinglePayerSingleAccount})</span>
                <span class="method-start">68545 ms</span>
              </div> <!-- test-method -->
              <div class="configuration-method after">
                <span class="method-name">QuitBrowser([TestResult name=LoginTest status=SUCCESS method=TC01_LoginPageTest.LoginTest(java.util.Hashtable)[p...)</span>
                <span class="method-start">79617 ms</span>
              </div> <!-- configuration-method after -->
              <div class="configuration-method before">
                <span class="method-name">SetUp</span>
                <span class="method-start">90795 ms</span>
              </div> <!-- configuration-method before -->
              <div class="test-method">
                <img src="failed.png">
                </img>
                <span class="method-name">LoginTest({Password=HiP3rf0rm@ncefuel, UserName=AutomationMultiPayerSingleAccount})</span>
                <span class="method-start">103985 ms</span>
              </div> <!-- test-method -->
              <div class="configuration-method after">
                <span class="method-name">QuitBrowser([TestResult name=LoginTest status=FAILURE method=TC01_LoginPageTest.LoginTest(java.util.Hashtable)[p...)</span>
                <span class="method-start">114563 ms</span>
              </div> <!-- configuration-method after -->
              <div class="configuration-method before">
                <span class="method-name">SetUp</span>
                <span class="method-start">124552 ms</span>
              </div> <!-- configuration-method before -->
              <div class="test-method">
                <span class="method-name">LoginTest({Password=HiP3rf0rm@ncefuel, UserName=AutomationMultiPayerSingleAccount})</span>
                <span class="method-start">139812 ms</span>
              </div> <!-- test-method -->
              <div class="configuration-method after">
                <span class="method-name">QuitBrowser([TestResult name=LoginTest status=SUCCESS method=TC01_LoginPageTest.LoginTest(java.util.Hashtable)[p...)</span>
                <span class="method-start">157815 ms</span>
              </div> <!-- configuration-method after -->
              <div class="configuration-test after">
                <span class="method-name">endReport</span>
                <span class="method-start">169874 ms</span>
              </div> <!-- configuration-test after -->
            </div> <!-- chronological-class -->
            <div class="chronological-class">
              <div class="chronological-class-name">com.Shell.qa.TestCases.TC02_HomePageTest</div> <!-- chronological-class-name -->
              <div class="configuration-test before">
                <span class="method-name">setExtent</span>
                <span class="method-start">170798 ms</span>
              </div> <!-- configuration-test before -->
              <div class="configuration-class before">
                <span class="method-name">CheckRunMode</span>
                <span class="method-start">170830 ms</span>
              </div> <!-- configuration-class before -->
              <div class="configuration-method before">
                <span class="method-name">SetUp</span>
                <span class="method-start">170830 ms</span>
              </div> <!-- configuration-method before -->
              <div class="test-method">
                <span class="method-name">ValidateHomePage</span>
                <span class="method-start">202365 ms</span>
              </div> <!-- test-method -->
              <div class="configuration-method after">
                <span class="method-name">QuitBrowser([TestResult name=ValidateHomePage status=SUCCESS method=TC02_HomePageTest.ValidateHomePage()[pri:0, ...)</span>
                <span class="method-start">202459 ms</span>
              </div> <!-- configuration-method after -->
              <div class="configuration-method before">
                <span class="method-name">SetUp</span>
                <span class="method-start">212593 ms</span>
              </div> <!-- configuration-method before -->
              <div class="test-method">
                <span class="method-name">ValidateOrderaCardLink</span>
                <span class="method-start">244528 ms</span>
              </div> <!-- test-method -->
              <div class="configuration-method after">
                <span class="method-name">QuitBrowser([TestResult name=ValidateOrderaCardLink status=SUCCESS method=TC02_HomePageTest.ValidateOrderaCardLi...)</span>
                <span class="method-start">244620 ms</span>
              </div> <!-- configuration-method after -->
              <div class="configuration-method before">
                <span class="method-name">SetUp</span>
                <span class="method-start">252703 ms</span>
              </div> <!-- configuration-method before -->
              <div class="test-method">
                <span class="method-name">ValidateBlockCardLink</span>
                <span class="method-start">282516 ms</span>
              </div> <!-- test-method -->
              <div class="configuration-method after">
                <span class="method-name">QuitBrowser([TestResult name=ValidateBlockCardLink status=SUCCESS method=TC02_HomePageTest.ValidateBlockCardLink...)</span>
                <span class="method-start">282590 ms</span>
              </div> <!-- configuration-method after -->
              <div class="configuration-method before">
                <span class="method-name">SetUp</span>
                <span class="method-start">291003 ms</span>
              </div> <!-- configuration-method before -->
              <div class="test-method">
                <span class="method-name">ValidateCancelCardLink</span>
                <span class="method-start">320448 ms</span>
              </div> <!-- test-method -->
              <div class="configuration-method after">
                <span class="method-name">QuitBrowser([TestResult name=ValidateCancelCardLink status=SUCCESS method=TC02_HomePageTest.ValidateCancelCardLi...)</span>
                <span class="method-start">320523 ms</span>
              </div> <!-- configuration-method after -->
              <div class="configuration-method before">
                <span class="method-name">SetUp</span>
                <span class="method-start">328245 ms</span>
              </div> <!-- configuration-method before -->
              <div class="test-method">
                <span class="method-name">ValidateCardActivityLink</span>
                <span class="method-start">359257 ms</span>
              </div> <!-- test-method -->
              <div class="configuration-method after">
                <span class="method-name">QuitBrowser([TestResult name=ValidateCardActivityLink status=SUCCESS method=TC02_HomePageTest.ValidateCardActivi...)</span>
                <span class="method-start">359360 ms</span>
              </div> <!-- configuration-method after -->
              <div class="configuration-method before">
                <span class="method-name">SetUp</span>
                <span class="method-start">367534 ms</span>
              </div> <!-- configuration-method before -->
              <div class="test-method">
                <span class="method-name">ValidateCardsLink</span>
                <span class="method-start">397510 ms</span>
              </div> <!-- test-method -->
              <div class="configuration-method after">
                <span class="method-name">QuitBrowser([TestResult name=ValidateCardsLink status=SUCCESS method=TC02_HomePageTest.ValidateCardsLink()[pri:0...)</span>
                <span class="method-start">397605 ms</span>
              </div> <!-- configuration-method after -->
              <div class="configuration-method before">
                <span class="method-name">SetUp</span>
                <span class="method-start">406071 ms</span>
              </div> <!-- configuration-method before -->
              <div class="test-method">
                <span class="method-name">ValidateFinanceLink</span>
                <span class="method-start">437864 ms</span>
              </div> <!-- test-method -->
              <div class="configuration-method after">
                <span class="method-name">QuitBrowser([TestResult name=ValidateFinanceLink status=SUCCESS method=TC02_HomePageTest.ValidateFinanceLink()[p...)</span>
                <span class="method-start">437995 ms</span>
              </div> <!-- configuration-method after -->
              <div class="configuration-method before">
                <span class="method-name">SetUp</span>
                <span class="method-start">446525 ms</span>
              </div> <!-- configuration-method before -->
              <div class="test-method">
                <img src="failed.png">
                </img>
                <span class="method-name">HomeTest</span>
                <span class="method-start">479124 ms</span>
              </div> <!-- test-method -->
              <div class="configuration-method after">
                <span class="method-name">QuitBrowser([TestResult name=HomeTest status=FAILURE method=TC02_HomePageTest.HomeTest()[pri:0, instance:com.She...)</span>
                <span class="method-start">506562 ms</span>
              </div> <!-- configuration-method after -->
              <div class="configuration-method before">
                <span class="method-name">SetUp</span>
                <span class="method-start">512772 ms</span>
              </div> <!-- configuration-method before -->
              <div class="test-method">
                <img src="failed.png">
                </img>
                <span class="method-name">HomeTest</span>
                <span class="method-start">544792 ms</span>
              </div> <!-- test-method -->
              <div class="configuration-method after">
                <span class="method-name">QuitBrowser([TestResult name=HomeTest status=FAILURE method=TC02_HomePageTest.HomeTest()[pri:0, instance:com.She...)</span>
                <span class="method-start">570141 ms</span>
              </div> <!-- configuration-method after -->
              <div class="configuration-test after">
                <span class="method-name">endReport</span>
                <span class="method-start">578112 ms</span>
              </div> <!-- configuration-test after -->
          </div> <!-- main-panel-content rounded-window-bottom -->
        </div> <!-- panel -->
      </div> <!-- main-panel-root -->
    </div> <!-- wrapper -->
  </body>
</html>
