<?xml version="1.0" encoding="UTF-8"?>
<testng-results skipped="10" failed="1" total="12" passed="1">
  <reporter-output>
  </reporter-output>
  <suite name="AutomationSuite" duration-ms="141833" started-at="2019-09-09T09:03:07Z" finished-at="2019-09-09T09:05:29Z">
    <groups>
    </groups>
    <test name="LoginTest" duration-ms="91529" started-at="2019-09-09T09:03:07Z" finished-at="2019-09-09T09:04:38Z">
      <class name="com.Shell.qa.TestCases.LoginPageTest">
        <test-method status="PASS" signature="setExtent()[pri:0, instance:com.Shell.qa.TestCases.LoginPageTest@1139b2f3]" name="setExtent" is-config="true" duration-ms="380" started-at="2019-09-09T14:33:07Z" finished-at="2019-09-09T14:33:07Z">
          <reporter-output>
          </reporter-output>
        </test-method> <!-- setExtent -->
        <test-method status="PASS" signature="CheckRunMode()[pri:0, instance:com.Shell.qa.TestCases.LoginPageTest@1139b2f3]" name="CheckRunMode" is-config="true" duration-ms="20" started-at="2019-09-09T14:33:07Z" finished-at="2019-09-09T14:33:07Z">
          <reporter-output>
          </reporter-output>
        </test-method> <!-- CheckRunMode -->
        <test-method status="PASS" signature="SetUp()[pri:0, instance:com.Shell.qa.TestCases.LoginPageTest@1139b2f3]" name="SetUp" is-config="true" duration-ms="12652" started-at="2019-09-09T14:33:07Z" finished-at="2019-09-09T14:33:20Z">
          <reporter-output>
          </reporter-output>
        </test-method> <!-- SetUp -->
        <test-method status="PASS" signature="ValidateLoginPage()[pri:0, instance:com.Shell.qa.TestCases.LoginPageTest@1139b2f3]" name="ValidateLoginPage" duration-ms="150" started-at="2019-09-09T14:33:20Z" description="Validating Login page is getting displayed" finished-at="2019-09-09T14:33:20Z">
          <reporter-output>
          </reporter-output>
        </test-method> <!-- ValidateLoginPage -->
        <test-method status="PASS" signature="QuitBrowser(org.testng.ITestResult)[pri:0, instance:com.Shell.qa.TestCases.LoginPageTest@1139b2f3]" name="QuitBrowser" is-config="true" duration-ms="1851" started-at="2019-09-09T14:33:20Z" finished-at="2019-09-09T14:33:22Z">
          <params>
            <param index="0">
              <value>
                <![CDATA[[TestResult name=ValidateLoginPage status=SUCCESS method=LoginPageTest.ValidateLoginPage()[pri:0, instance:com.Shell.qa.TestCases.LoginPageTest@1139b2f3] output={null}]]]>
              </value>
            </param>
          </params>
          <reporter-output>
          </reporter-output>
        </test-method> <!-- QuitBrowser -->
        <test-method status="PASS" signature="SetUp()[pri:0, instance:com.Shell.qa.TestCases.LoginPageTest@1139b2f3]" name="SetUp" is-config="true" duration-ms="12109" started-at="2019-09-09T14:33:22Z" finished-at="2019-09-09T14:33:34Z">
          <reporter-output>
          </reporter-output>
        </test-method> <!-- SetUp -->
        <test-method status="FAIL" signature="LoginTest(java.util.Hashtable)[pri:0, instance:com.Shell.qa.TestCases.LoginPageTest@1139b2f3]" name="LoginTest" duration-ms="44719" started-at="2019-09-09T14:33:34Z" description="Validating after Login, Home page is displayed" data-provider="getData" finished-at="2019-09-09T14:34:19Z">
          <params>
            <param index="0">
              <value>
                <![CDATA[{Password=HiP3rf0rm@ncefuel, UserName=AutomationSinglePayerSingleAccount}]]>
              </value>
            </param>
          </params>
          <exception class="org.openqa.selenium.TimeoutException">
            <message>
              <![CDATA[timeout
  (Session info: chrome=76.0.3809.132)
  (Driver info: chromedriver=2.35.528161 (5b82f2d2aae0ca24b877009200ced9065a772e73),platform=Windows NT 10.0.17134 x86_64) (WARNING: The server did not provide any stacktrace information)
Command duration or timeout: 0 milliseconds
Build info: version: '3.141.59', revision: 'e82be7d358', time: '2018-11-14T08:17:03'
System info: host: 'SHELW42SLPC0883', ip: '10.42.62.123', os.name: 'Windows 10', os.arch: 'amd64', os.version: '10.0', java.version: '1.8.0_121'
Driver info: org.openqa.selenium.chrome.ChromeDriver
Capabilities {acceptInsecureCerts: false, acceptSslCerts: false, applicationCacheEnabled: false, browserConnectionEnabled: false, browserName: chrome, chrome: {chromedriverVersion: 2.35.528161 (5b82f2d2aae0ca..., userDataDir: C:\Users\sb49849.IND\AppDat...}, cssSelectorsEnabled: true, databaseEnabled: false, handlesAlerts: true, hasTouchScreen: false, javascriptEnabled: true, locationContextEnabled: true, mobileEmulationEnabled: false, nativeEvents: true, networkConnectionEnabled: false, pageLoadStrategy: normal, platform: XP, platformName: XP, rotatable: false, setWindowRect: true, takesHeapSnapshot: true, takesScreenshot: true, unexpectedAlertBehaviour: , unhandledPromptBehavior: , version: 76.0.3809.132, webStorageEnabled: true}
Session ID: 354353fe45f223cb24943234f9d7cac2]]>
            </message>
            <full-stacktrace>
              <![CDATA[org.openqa.selenium.TimeoutException: timeout
  (Session info: chrome=76.0.3809.132)
  (Driver info: chromedriver=2.35.528161 (5b82f2d2aae0ca24b877009200ced9065a772e73),platform=Windows NT 10.0.17134 x86_64) (WARNING: The server did not provide any stacktrace information)
Command duration or timeout: 0 milliseconds
Build info: version: '3.141.59', revision: 'e82be7d358', time: '2018-11-14T08:17:03'
System info: host: 'SHELW42SLPC0883', ip: '10.42.62.123', os.name: 'Windows 10', os.arch: 'amd64', os.version: '10.0', java.version: '1.8.0_121'
Driver info: org.openqa.selenium.chrome.ChromeDriver
Capabilities {acceptInsecureCerts: false, acceptSslCerts: false, applicationCacheEnabled: false, browserConnectionEnabled: false, browserName: chrome, chrome: {chromedriverVersion: 2.35.528161 (5b82f2d2aae0ca..., userDataDir: C:\Users\sb49849.IND\AppDat...}, cssSelectorsEnabled: true, databaseEnabled: false, handlesAlerts: true, hasTouchScreen: false, javascriptEnabled: true, locationContextEnabled: true, mobileEmulationEnabled: false, nativeEvents: true, networkConnectionEnabled: false, pageLoadStrategy: normal, platform: XP, platformName: XP, rotatable: false, setWindowRect: true, takesHeapSnapshot: true, takesScreenshot: true, unexpectedAlertBehaviour: , unhandledPromptBehavior: , version: 76.0.3809.132, webStorageEnabled: true}
Session ID: 354353fe45f223cb24943234f9d7cac2
	at sun.reflect.NativeConstructorAccessorImpl.newInstance0(Native Method)
	at sun.reflect.NativeConstructorAccessorImpl.newInstance(Unknown Source)
	at sun.reflect.DelegatingConstructorAccessorImpl.newInstance(Unknown Source)
	at java.lang.reflect.Constructor.newInstance(Unknown Source)
	at org.openqa.selenium.remote.ErrorHandler.createThrowable(ErrorHandler.java:214)
	at org.openqa.selenium.remote.ErrorHandler.throwIfResponseFailed(ErrorHandler.java:166)
	at org.openqa.selenium.remote.http.JsonHttpResponseCodec.reconstructValue(JsonHttpResponseCodec.java:40)
	at org.openqa.selenium.remote.http.AbstractHttpResponseCodec.decode(AbstractHttpResponseCodec.java:80)
	at org.openqa.selenium.remote.http.AbstractHttpResponseCodec.decode(AbstractHttpResponseCodec.java:44)
	at org.openqa.selenium.remote.HttpCommandExecutor.execute(HttpCommandExecutor.java:158)
	at org.openqa.selenium.remote.service.DriverCommandExecutor.execute(DriverCommandExecutor.java:83)
	at org.openqa.selenium.remote.RemoteWebDriver.execute(RemoteWebDriver.java:552)
	at org.openqa.selenium.remote.RemoteWebElement.execute(RemoteWebElement.java:285)
	at org.openqa.selenium.remote.RemoteWebElement.click(RemoteWebElement.java:84)
	at sun.reflect.NativeMethodAccessorImpl.invoke0(Native Method)
	at sun.reflect.NativeMethodAccessorImpl.invoke(Unknown Source)
	at sun.reflect.DelegatingMethodAccessorImpl.invoke(Unknown Source)
	at java.lang.reflect.Method.invoke(Unknown Source)
	at org.openqa.selenium.support.pagefactory.internal.LocatingElementHandler.invoke(LocatingElementHandler.java:51)
	at com.sun.proxy.$Proxy13.click(Unknown Source)
	at com.Shell.qa.Pages.LoginPage.Login(LoginPage.java:44)
	at com.Shell.qa.TestCases.LoginPageTest.LoginTest(LoginPageTest.java:69)
	at sun.reflect.NativeMethodAccessorImpl.invoke0(Native Method)
	at sun.reflect.NativeMethodAccessorImpl.invoke(Unknown Source)
	at sun.reflect.DelegatingMethodAccessorImpl.invoke(Unknown Source)
	at java.lang.reflect.Method.invoke(Unknown Source)
	at org.testng.internal.MethodInvocationHelper.invokeMethod(MethodInvocationHelper.java:80)
	at org.testng.internal.Invoker.invokeMethod(Invoker.java:714)
	at org.testng.internal.Invoker.invokeTestMethod(Invoker.java:901)
	at org.testng.internal.Invoker.invokeTestMethods(Invoker.java:1231)
	at org.testng.internal.TestMethodWorker.invokeTestMethods(TestMethodWorker.java:127)
	at org.testng.internal.TestMethodWorker.run(TestMethodWorker.java:111)
	at org.testng.TestRunner.privateRun(TestRunner.java:767)
	at org.testng.TestRunner.run(TestRunner.java:617)
	at org.testng.SuiteRunner.runTest(SuiteRunner.java:334)
	at org.testng.SuiteRunner.runSequentially(SuiteRunner.java:329)
	at org.testng.SuiteRunner.privateRun(SuiteRunner.java:291)
	at org.testng.SuiteRunner.run(SuiteRunner.java:240)
	at org.testng.SuiteRunnerWorker.runSuite(SuiteRunnerWorker.java:52)
	at org.testng.SuiteRunnerWorker.run(SuiteRunnerWorker.java:86)
	at org.testng.TestNG.runSuitesSequentially(TestNG.java:1198)
	at org.testng.TestNG.runSuitesLocally(TestNG.java:1123)
	at org.testng.TestNG.run(TestNG.java:1031)
	at org.testng.remote.AbstractRemoteTestNG.run(AbstractRemoteTestNG.java:115)
	at org.testng.remote.RemoteTestNG.initAndRun(RemoteTestNG.java:251)
	at org.testng.remote.RemoteTestNG.main(RemoteTestNG.java:77)
]]>
            </full-stacktrace>
          </exception> <!-- org.openqa.selenium.TimeoutException -->
          <reporter-output>
          </reporter-output>
        </test-method> <!-- LoginTest -->
        <test-method status="FAIL" signature="QuitBrowser(org.testng.ITestResult)[pri:0, instance:com.Shell.qa.TestCases.LoginPageTest@1139b2f3]" name="QuitBrowser" is-config="true" duration-ms="0" started-at="2019-09-09T14:34:19Z" finished-at="2019-09-09T14:34:19Z">
          <params>
            <param index="0">
              <value>
                <![CDATA[[TestResult name=LoginTest status=FAILURE method=LoginPageTest.LoginTest(java.util.Hashtable)[pri:0, instance:com.Shell.qa.TestCases.LoginPageTest@1139b2f3] output={null}]]]>
              </value>
            </param>
          </params>
          <exception class="java.lang.RuntimeException">
            <message>
              <![CDATA[Unexpected result for screenshot command: null]]>
            </message>
            <full-stacktrace>
              <![CDATA[java.lang.RuntimeException: Unexpected result for screenshot command: null
	at org.openqa.selenium.remote.RemoteWebDriver.getScreenshotAs(RemoteWebDriver.java:304)
	at com.Shell.qa.Utility.TestUtil.getScreenshot(TestUtil.java:25)
	at com.Shell.qa.Base.TestBase.QuitBrowser(TestBase.java:133)
	at sun.reflect.NativeMethodAccessorImpl.invoke0(Native Method)
	at sun.reflect.NativeMethodAccessorImpl.invoke(Unknown Source)
	at sun.reflect.DelegatingMethodAccessorImpl.invoke(Unknown Source)
	at java.lang.reflect.Method.invoke(Unknown Source)
	at org.testng.internal.MethodInvocationHelper.invokeMethod(MethodInvocationHelper.java:80)
	at org.testng.internal.Invoker.invokeConfigurationMethod(Invoker.java:564)
	at org.testng.internal.Invoker.invokeConfigurations(Invoker.java:213)
	at org.testng.internal.Invoker.invokeMethod(Invoker.java:786)
	at org.testng.internal.Invoker.invokeTestMethod(Invoker.java:901)
	at org.testng.internal.Invoker.invokeTestMethods(Invoker.java:1231)
	at org.testng.internal.TestMethodWorker.invokeTestMethods(TestMethodWorker.java:127)
	at org.testng.internal.TestMethodWorker.run(TestMethodWorker.java:111)
	at org.testng.TestRunner.privateRun(TestRunner.java:767)
	at org.testng.TestRunner.run(TestRunner.java:617)
	at org.testng.SuiteRunner.runTest(SuiteRunner.java:334)
	at org.testng.SuiteRunner.runSequentially(SuiteRunner.java:329)
	at org.testng.SuiteRunner.privateRun(SuiteRunner.java:291)
	at org.testng.SuiteRunner.run(SuiteRunner.java:240)
	at org.testng.SuiteRunnerWorker.runSuite(SuiteRunnerWorker.java:52)
	at org.testng.SuiteRunnerWorker.run(SuiteRunnerWorker.java:86)
	at org.testng.TestNG.runSuitesSequentially(TestNG.java:1198)
	at org.testng.TestNG.runSuitesLocally(TestNG.java:1123)
	at org.testng.TestNG.run(TestNG.java:1031)
	at org.testng.remote.AbstractRemoteTestNG.run(AbstractRemoteTestNG.java:115)
	at org.testng.remote.RemoteTestNG.initAndRun(RemoteTestNG.java:251)
	at org.testng.remote.RemoteTestNG.main(RemoteTestNG.java:77)
]]>
            </full-stacktrace>
          </exception> <!-- java.lang.RuntimeException -->
          <reporter-output>
          </reporter-output>
        </test-method> <!-- QuitBrowser -->
        <test-method status="SKIP" signature="SetUp()[pri:0, instance:com.Shell.qa.TestCases.LoginPageTest@1139b2f3]" name="SetUp" is-config="true" duration-ms="0" started-at="2019-09-09T14:34:38Z" finished-at="2019-09-09T14:34:38Z">
          <reporter-output>
          </reporter-output>
        </test-method> <!-- SetUp -->
        <test-method status="SKIP" signature="LoginTest(java.util.Hashtable)[pri:0, instance:com.Shell.qa.TestCases.LoginPageTest@1139b2f3]" name="LoginTest" duration-ms="0" started-at="2019-09-09T14:34:38Z" description="Validating after Login, Home page is displayed" data-provider="getData" finished-at="2019-09-09T14:34:38Z">
          <params>
            <param index="0">
              <value>
                <![CDATA[{Password=HiP3rf0rm@ncefuel, UserName=AutomationSinglePayerSingleAccount}]]>
              </value>
            </param>
          </params>
          <reporter-output>
          </reporter-output>
        </test-method> <!-- LoginTest -->
        <test-method status="SKIP" signature="QuitBrowser(org.testng.ITestResult)[pri:0, instance:com.Shell.qa.TestCases.LoginPageTest@1139b2f3]" name="QuitBrowser" is-config="true" duration-ms="0" started-at="2019-09-09T14:34:38Z" finished-at="2019-09-09T14:34:38Z">
          <reporter-output>
          </reporter-output>
        </test-method> <!-- QuitBrowser -->
        <test-method status="SKIP" signature="SetUp()[pri:0, instance:com.Shell.qa.TestCases.LoginPageTest@1139b2f3]" name="SetUp" is-config="true" duration-ms="0" started-at="2019-09-09T14:34:38Z" finished-at="2019-09-09T14:34:38Z">
          <reporter-output>
          </reporter-output>
        </test-method> <!-- SetUp -->
        <test-method status="SKIP" signature="LoginTest(java.util.Hashtable)[pri:0, instance:com.Shell.qa.TestCases.LoginPageTest@1139b2f3]" name="LoginTest" duration-ms="4" started-at="2019-09-09T14:34:38Z" description="Validating after Login, Home page is displayed" data-provider="getData" finished-at="2019-09-09T14:34:38Z">
          <params>
            <param index="0">
              <value>
                <![CDATA[{Password=HiP3rf0rm@ncefuel, UserName=AutomationSinglePayerSingleAccount}]]>
              </value>
            </param>
          </params>
          <reporter-output>
          </reporter-output>
        </test-method> <!-- LoginTest -->
        <test-method status="SKIP" signature="QuitBrowser(org.testng.ITestResult)[pri:0, instance:com.Shell.qa.TestCases.LoginPageTest@1139b2f3]" name="QuitBrowser" is-config="true" duration-ms="0" started-at="2019-09-09T14:34:38Z" finished-at="2019-09-09T14:34:38Z">
          <reporter-output>
          </reporter-output>
        </test-method> <!-- QuitBrowser -->
        <test-method status="SKIP" signature="endReport()[pri:0, instance:com.Shell.qa.TestCases.LoginPageTest@1139b2f3]" name="endReport" is-config="true" duration-ms="0" started-at="2019-09-09T14:34:38Z" finished-at="2019-09-09T14:34:38Z">
          <reporter-output>
          </reporter-output>
        </test-method> <!-- endReport -->
      </class> <!-- com.Shell.qa.TestCases.LoginPageTest -->
    </test> <!-- LoginTest -->
    <test name="HomePageTest" duration-ms="50108" started-at="2019-09-09T09:04:38Z" finished-at="2019-09-09T09:05:29Z">
      <class name="com.Shell.qa.TestCases.HomePageTest">
        <test-method status="PASS" signature="setExtent()[pri:0, instance:com.Shell.qa.TestCases.HomePageTest@498d318c]" name="setExtent" is-config="true" duration-ms="60" started-at="2019-09-09T14:34:38Z" finished-at="2019-09-09T14:34:39Z">
          <reporter-output>
          </reporter-output>
        </test-method> <!-- setExtent -->
        <test-method status="PASS" signature="CheckRunMode()[pri:0, instance:com.Shell.qa.TestCases.HomePageTest@498d318c]" name="CheckRunMode" is-config="true" duration-ms="4" started-at="2019-09-09T14:34:39Z" finished-at="2019-09-09T14:34:39Z">
          <reporter-output>
          </reporter-output>
        </test-method> <!-- CheckRunMode -->
        <test-method status="FAIL" signature="SetUp()[pri:0, instance:com.Shell.qa.TestCases.HomePageTest@498d318c]" name="SetUp" is-config="true" duration-ms="0" started-at="2019-09-09T14:34:39Z" finished-at="2019-09-09T14:34:39Z">
          <exception class="org.openqa.selenium.TimeoutException">
            <message>
              <![CDATA[timeout
  (Session info: chrome=76.0.3809.132)
  (Driver info: chromedriver=2.35.528161 (5b82f2d2aae0ca24b877009200ced9065a772e73),platform=Windows NT 10.0.17134 x86_64) (WARNING: The server did not provide any stacktrace information)
Command duration or timeout: 0 milliseconds
Build info: version: '3.141.59', revision: 'e82be7d358', time: '2018-11-14T08:17:03'
System info: host: 'SHELW42SLPC0883', ip: '10.42.62.123', os.name: 'Windows 10', os.arch: 'amd64', os.version: '10.0', java.version: '1.8.0_121'
Driver info: org.openqa.selenium.chrome.ChromeDriver
Capabilities {acceptInsecureCerts: false, acceptSslCerts: false, applicationCacheEnabled: false, browserConnectionEnabled: false, browserName: chrome, chrome: {chromedriverVersion: 2.35.528161 (5b82f2d2aae0ca..., userDataDir: C:\Users\sb49849.IND\AppDat...}, cssSelectorsEnabled: true, databaseEnabled: false, handlesAlerts: true, hasTouchScreen: false, javascriptEnabled: true, locationContextEnabled: true, mobileEmulationEnabled: false, nativeEvents: true, networkConnectionEnabled: false, pageLoadStrategy: normal, platform: XP, platformName: XP, rotatable: false, setWindowRect: true, takesHeapSnapshot: true, takesScreenshot: true, unexpectedAlertBehaviour: , unhandledPromptBehavior: , version: 76.0.3809.132, webStorageEnabled: true}
Session ID: f88a7f9012fe3742dca010b2315fc0f1]]>
            </message>
            <full-stacktrace>
              <![CDATA[org.openqa.selenium.TimeoutException: timeout
  (Session info: chrome=76.0.3809.132)
  (Driver info: chromedriver=2.35.528161 (5b82f2d2aae0ca24b877009200ced9065a772e73),platform=Windows NT 10.0.17134 x86_64) (WARNING: The server did not provide any stacktrace information)
Command duration or timeout: 0 milliseconds
Build info: version: '3.141.59', revision: 'e82be7d358', time: '2018-11-14T08:17:03'
System info: host: 'SHELW42SLPC0883', ip: '10.42.62.123', os.name: 'Windows 10', os.arch: 'amd64', os.version: '10.0', java.version: '1.8.0_121'
Driver info: org.openqa.selenium.chrome.ChromeDriver
Capabilities {acceptInsecureCerts: false, acceptSslCerts: false, applicationCacheEnabled: false, browserConnectionEnabled: false, browserName: chrome, chrome: {chromedriverVersion: 2.35.528161 (5b82f2d2aae0ca..., userDataDir: C:\Users\sb49849.IND\AppDat...}, cssSelectorsEnabled: true, databaseEnabled: false, handlesAlerts: true, hasTouchScreen: false, javascriptEnabled: true, locationContextEnabled: true, mobileEmulationEnabled: false, nativeEvents: true, networkConnectionEnabled: false, pageLoadStrategy: normal, platform: XP, platformName: XP, rotatable: false, setWindowRect: true, takesHeapSnapshot: true, takesScreenshot: true, unexpectedAlertBehaviour: , unhandledPromptBehavior: , version: 76.0.3809.132, webStorageEnabled: true}
Session ID: f88a7f9012fe3742dca010b2315fc0f1
	at sun.reflect.NativeConstructorAccessorImpl.newInstance0(Native Method)
	at sun.reflect.NativeConstructorAccessorImpl.newInstance(Unknown Source)
	at sun.reflect.DelegatingConstructorAccessorImpl.newInstance(Unknown Source)
	at java.lang.reflect.Constructor.newInstance(Unknown Source)
	at org.openqa.selenium.remote.ErrorHandler.createThrowable(ErrorHandler.java:214)
	at org.openqa.selenium.remote.ErrorHandler.throwIfResponseFailed(ErrorHandler.java:166)
	at org.openqa.selenium.remote.http.JsonHttpResponseCodec.reconstructValue(JsonHttpResponseCodec.java:40)
	at org.openqa.selenium.remote.http.AbstractHttpResponseCodec.decode(AbstractHttpResponseCodec.java:80)
	at org.openqa.selenium.remote.http.AbstractHttpResponseCodec.decode(AbstractHttpResponseCodec.java:44)
	at org.openqa.selenium.remote.HttpCommandExecutor.execute(HttpCommandExecutor.java:158)
	at org.openqa.selenium.remote.service.DriverCommandExecutor.execute(DriverCommandExecutor.java:83)
	at org.openqa.selenium.remote.RemoteWebDriver.execute(RemoteWebDriver.java:552)
	at org.openqa.selenium.remote.RemoteWebElement.execute(RemoteWebElement.java:285)
	at org.openqa.selenium.remote.RemoteWebElement.click(RemoteWebElement.java:84)
	at sun.reflect.NativeMethodAccessorImpl.invoke0(Native Method)
	at sun.reflect.NativeMethodAccessorImpl.invoke(Unknown Source)
	at sun.reflect.DelegatingMethodAccessorImpl.invoke(Unknown Source)
	at java.lang.reflect.Method.invoke(Unknown Source)
	at org.openqa.selenium.support.pagefactory.internal.LocatingElementHandler.invoke(LocatingElementHandler.java:51)
	at com.sun.proxy.$Proxy13.click(Unknown Source)
	at com.Shell.qa.Pages.LoginPage.Login(LoginPage.java:44)
	at com.Shell.qa.TestCases.HomePageTest.SetUp(HomePageTest.java:45)
	at sun.reflect.NativeMethodAccessorImpl.invoke0(Native Method)
	at sun.reflect.NativeMethodAccessorImpl.invoke(Unknown Source)
	at sun.reflect.DelegatingMethodAccessorImpl.invoke(Unknown Source)
	at java.lang.reflect.Method.invoke(Unknown Source)
	at org.testng.internal.MethodInvocationHelper.invokeMethod(MethodInvocationHelper.java:80)
	at org.testng.internal.Invoker.invokeConfigurationMethod(Invoker.java:564)
	at org.testng.internal.Invoker.invokeConfigurations(Invoker.java:213)
	at org.testng.internal.Invoker.invokeMethod(Invoker.java:653)
	at org.testng.internal.Invoker.invokeTestMethod(Invoker.java:901)
	at org.testng.internal.Invoker.invokeTestMethods(Invoker.java:1231)
	at org.testng.internal.TestMethodWorker.invokeTestMethods(TestMethodWorker.java:127)
	at org.testng.internal.TestMethodWorker.run(TestMethodWorker.java:111)
	at org.testng.TestRunner.privateRun(TestRunner.java:767)
	at org.testng.TestRunner.run(TestRunner.java:617)
	at org.testng.SuiteRunner.runTest(SuiteRunner.java:334)
	at org.testng.SuiteRunner.runSequentially(SuiteRunner.java:329)
	at org.testng.SuiteRunner.privateRun(SuiteRunner.java:291)
	at org.testng.SuiteRunner.run(SuiteRunner.java:240)
	at org.testng.SuiteRunnerWorker.runSuite(SuiteRunnerWorker.java:52)
	at org.testng.SuiteRunnerWorker.run(SuiteRunnerWorker.java:86)
	at org.testng.TestNG.runSuitesSequentially(TestNG.java:1198)
	at org.testng.TestNG.runSuitesLocally(TestNG.java:1123)
	at org.testng.TestNG.run(TestNG.java:1031)
	at org.testng.remote.AbstractRemoteTestNG.run(AbstractRemoteTestNG.java:115)
	at org.testng.remote.RemoteTestNG.initAndRun(RemoteTestNG.java:251)
	at org.testng.remote.RemoteTestNG.main(RemoteTestNG.java:77)
]]>
            </full-stacktrace>
          </exception> <!-- org.openqa.selenium.TimeoutException -->
          <reporter-output>
          </reporter-output>
        </test-method> <!-- SetUp -->
        <test-method status="SKIP" signature="ValidateHomePage()[pri:0, instance:com.Shell.qa.TestCases.HomePageTest@498d318c]" name="ValidateHomePage" duration-ms="4" started-at="2019-09-09T14:35:28Z" description="Validating Company Name on Home Page" finished-at="2019-09-09T14:35:28Z">
          <reporter-output>
          </reporter-output>
        </test-method> <!-- ValidateHomePage -->
        <test-method status="SKIP" signature="QuitBrowser(org.testng.ITestResult)[pri:0, instance:com.Shell.qa.TestCases.HomePageTest@498d318c]" name="QuitBrowser" is-config="true" duration-ms="0" started-at="2019-09-09T14:35:28Z" finished-at="2019-09-09T14:35:28Z">
          <reporter-output>
          </reporter-output>
        </test-method> <!-- QuitBrowser -->
        <test-method status="SKIP" signature="SetUp()[pri:0, instance:com.Shell.qa.TestCases.HomePageTest@498d318c]" name="SetUp" is-config="true" duration-ms="0" started-at="2019-09-09T14:35:28Z" finished-at="2019-09-09T14:35:28Z">
          <reporter-output>
          </reporter-output>
        </test-method> <!-- SetUp -->
        <test-method status="SKIP" signature="ValidateOrderaCardLink()[pri:0, instance:com.Shell.qa.TestCases.HomePageTest@498d318c]" name="ValidateOrderaCardLink" duration-ms="0" started-at="2019-09-09T14:35:28Z" description="Validating &#039;Order a Card&#039; link on Home Page" finished-at="2019-09-09T14:35:28Z">
          <reporter-output>
          </reporter-output>
        </test-method> <!-- ValidateOrderaCardLink -->
        <test-method status="SKIP" signature="QuitBrowser(org.testng.ITestResult)[pri:0, instance:com.Shell.qa.TestCases.HomePageTest@498d318c]" name="QuitBrowser" is-config="true" duration-ms="0" started-at="2019-09-09T14:35:28Z" finished-at="2019-09-09T14:35:28Z">
          <reporter-output>
          </reporter-output>
        </test-method> <!-- QuitBrowser -->
        <test-method status="SKIP" signature="ValidateBlockCardLink()[pri:0, instance:com.Shell.qa.TestCases.HomePageTest@498d318c]" name="ValidateBlockCardLink" duration-ms="4" started-at="2019-09-09T14:35:28Z" description="Validating &#039;Block card&#039; link on Home Page" finished-at="2019-09-09T14:35:28Z">
          <reporter-output>
          </reporter-output>
        </test-method> <!-- ValidateBlockCardLink -->
        <test-method status="SKIP" signature="SetUp()[pri:0, instance:com.Shell.qa.TestCases.HomePageTest@498d318c]" name="SetUp" is-config="true" duration-ms="0" started-at="2019-09-09T14:35:28Z" finished-at="2019-09-09T14:35:28Z">
          <reporter-output>
          </reporter-output>
        </test-method> <!-- SetUp -->
        <test-method status="SKIP" signature="QuitBrowser(org.testng.ITestResult)[pri:0, instance:com.Shell.qa.TestCases.HomePageTest@498d318c]" name="QuitBrowser" is-config="true" duration-ms="0" started-at="2019-09-09T14:35:28Z" finished-at="2019-09-09T14:35:28Z">
          <reporter-output>
          </reporter-output>
        </test-method> <!-- QuitBrowser -->
        <test-method status="SKIP" signature="SetUp()[pri:0, instance:com.Shell.qa.TestCases.HomePageTest@498d318c]" name="SetUp" is-config="true" duration-ms="0" started-at="2019-09-09T14:35:28Z" finished-at="2019-09-09T14:35:28Z">
          <reporter-output>
          </reporter-output>
        </test-method> <!-- SetUp -->
        <test-method status="SKIP" signature="ValidateCancelCardLink()[pri:0, instance:com.Shell.qa.TestCases.HomePageTest@498d318c]" name="ValidateCancelCardLink" duration-ms="0" started-at="2019-09-09T14:35:28Z" description="Validating &#039;Cancel Card&#039; link on Home Page" finished-at="2019-09-09T14:35:28Z">
          <reporter-output>
          </reporter-output>
        </test-method> <!-- ValidateCancelCardLink -->
        <test-method status="SKIP" signature="QuitBrowser(org.testng.ITestResult)[pri:0, instance:com.Shell.qa.TestCases.HomePageTest@498d318c]" name="QuitBrowser" is-config="true" duration-ms="0" started-at="2019-09-09T14:35:28Z" finished-at="2019-09-09T14:35:28Z">
          <reporter-output>
          </reporter-output>
        </test-method> <!-- QuitBrowser -->
        <test-method status="SKIP" signature="SetUp()[pri:0, instance:com.Shell.qa.TestCases.HomePageTest@498d318c]" name="SetUp" is-config="true" duration-ms="0" started-at="2019-09-09T14:35:28Z" finished-at="2019-09-09T14:35:28Z">
          <reporter-output>
          </reporter-output>
        </test-method> <!-- SetUp -->
        <test-method status="SKIP" signature="ValidateCardActivityLink()[pri:0, instance:com.Shell.qa.TestCases.HomePageTest@498d318c]" name="ValidateCardActivityLink" duration-ms="4" started-at="2019-09-09T14:35:28Z" description="Validating &#039;Card Activity&#039; link on Home Page" finished-at="2019-09-09T14:35:28Z">
          <reporter-output>
          </reporter-output>
        </test-method> <!-- ValidateCardActivityLink -->
        <test-method status="SKIP" signature="QuitBrowser(org.testng.ITestResult)[pri:0, instance:com.Shell.qa.TestCases.HomePageTest@498d318c]" name="QuitBrowser" is-config="true" duration-ms="0" started-at="2019-09-09T14:35:28Z" finished-at="2019-09-09T14:35:28Z">
          <reporter-output>
          </reporter-output>
        </test-method> <!-- QuitBrowser -->
        <test-method status="SKIP" signature="SetUp()[pri:0, instance:com.Shell.qa.TestCases.HomePageTest@498d318c]" name="SetUp" is-config="true" duration-ms="0" started-at="2019-09-09T14:35:28Z" finished-at="2019-09-09T14:35:28Z">
          <reporter-output>
          </reporter-output>
        </test-method> <!-- SetUp -->
        <test-method status="SKIP" signature="ValidateCardsLink()[pri:0, instance:com.Shell.qa.TestCases.HomePageTest@498d318c]" name="ValidateCardsLink" duration-ms="4" started-at="2019-09-09T14:35:29Z" description="Validating &#039;Cards&#039; link on Home Page" finished-at="2019-09-09T14:35:29Z">
          <reporter-output>
          </reporter-output>
        </test-method> <!-- ValidateCardsLink -->
        <test-method status="SKIP" signature="QuitBrowser(org.testng.ITestResult)[pri:0, instance:com.Shell.qa.TestCases.HomePageTest@498d318c]" name="QuitBrowser" is-config="true" duration-ms="0" started-at="2019-09-09T14:35:29Z" finished-at="2019-09-09T14:35:29Z">
          <reporter-output>
          </reporter-output>
        </test-method> <!-- QuitBrowser -->
        <test-method status="SKIP" signature="SetUp()[pri:0, instance:com.Shell.qa.TestCases.HomePageTest@498d318c]" name="SetUp" is-config="true" duration-ms="0" started-at="2019-09-09T14:35:29Z" finished-at="2019-09-09T14:35:29Z">
          <reporter-output>
          </reporter-output>
        </test-method> <!-- SetUp -->
        <test-method status="SKIP" signature="ValidateFinanceLink()[pri:0, instance:com.Shell.qa.TestCases.HomePageTest@498d318c]" name="ValidateFinanceLink" duration-ms="4" started-at="2019-09-09T14:35:29Z" description="Validating &#039;Finance&#039; link on Home Page" finished-at="2019-09-09T14:35:29Z">
          <reporter-output>
          </reporter-output>
        </test-method> <!-- ValidateFinanceLink -->
        <test-method status="SKIP" signature="QuitBrowser(org.testng.ITestResult)[pri:0, instance:com.Shell.qa.TestCases.HomePageTest@498d318c]" name="QuitBrowser" is-config="true" duration-ms="0" started-at="2019-09-09T14:35:29Z" finished-at="2019-09-09T14:35:29Z">
          <reporter-output>
          </reporter-output>
        </test-method> <!-- QuitBrowser -->
        <test-method status="SKIP" signature="SetUp()[pri:0, instance:com.Shell.qa.TestCases.HomePageTest@498d318c]" name="SetUp" is-config="true" duration-ms="0" started-at="2019-09-09T14:35:29Z" finished-at="2019-09-09T14:35:29Z">
          <reporter-output>
          </reporter-output>
        </test-method> <!-- SetUp -->
        <test-method status="SKIP" signature="HomeTest()[pri:0, instance:com.Shell.qa.TestCases.HomePageTest@498d318c]" name="HomeTest" duration-ms="4" started-at="2019-09-09T14:35:29Z" description="Validating after clicking cards from Home Page, Cards page is displayed" finished-at="2019-09-09T14:35:29Z">
          <reporter-output>
          </reporter-output>
        </test-method> <!-- HomeTest -->
        <test-method status="SKIP" signature="QuitBrowser(org.testng.ITestResult)[pri:0, instance:com.Shell.qa.TestCases.HomePageTest@498d318c]" name="QuitBrowser" is-config="true" duration-ms="0" started-at="2019-09-09T14:35:29Z" finished-at="2019-09-09T14:35:29Z">
          <reporter-output>
          </reporter-output>
        </test-method> <!-- QuitBrowser -->
        <test-method status="SKIP" signature="endReport()[pri:0, instance:com.Shell.qa.TestCases.HomePageTest@498d318c]" name="endReport" is-config="true" duration-ms="0" started-at="2019-09-09T14:35:29Z" finished-at="2019-09-09T14:35:29Z">
          <reporter-output>
          </reporter-output>
        </test-method> <!-- endReport -->
      </class> <!-- com.Shell.qa.TestCases.HomePageTest -->
    </test> <!-- HomePageTest -->
  </suite> <!-- AutomationSuite -->
</testng-results>
