<?xml version="1.0" encoding="UTF-8"?>
<!-- Generated by org.testng.reporters.JUnitXMLReporter -->
<testsuite hostname="SHELW42SLPC0883" name="HomePageTest" tests="8" failures="0" timestamp="9 Sep 2019 09:05:29 GMT" time="50.108" errors="0">
  <testcase name="@BeforeMethod SetUp" time="0.0" classname="com.Shell.qa.TestCases.HomePageTest">
    <failure type="org.openqa.selenium.TimeoutException" message="timeout
  (Session info: chrome=76.0.3809.132)
  (Driver info: chromedriver=2.35.528161 (5b82f2d2aae0ca24b877009200ced9065a772e73),platform=Windows NT 10.0.17134 x86_64) (WARNING: The server did not provide any stacktrace information)
Command duration or timeout: 0 milliseconds
Build info: version: &amp;apos;3.141.59&amp;apos;, revision: &amp;apos;e82be7d358&amp;apos;, time: &amp;apos;2018-11-14T08:17:03&amp;apos;
System info: host: &amp;apos;SHELW42SLPC0883&amp;apos;, ip: &amp;apos;10.42.62.123&amp;apos;, os.name: &amp;apos;Windows 10&amp;apos;, os.arch: &amp;apos;amd64&amp;apos;, os.version: &amp;apos;10.0&amp;apos;, java.version: &amp;apos;1.8.0_121&amp;apos;
Driver info: org.openqa.selenium.chrome.ChromeDriver
Capabilities {acceptInsecureCerts: false, acceptSslCerts: false, applicationCacheEnabled: false, browserConnectionEnabled: false, browserName: chrome, chrome: {chromedriverVersion: 2.35.528161 (5b82f2d2aae0ca..., userDataDir: C:\Users\sb49849.IND\AppDat...}, cssSelectorsEnabled: true, databaseEnabled: false, handlesAlerts: true, hasTouchScreen: false, javascriptEnabled: true, locationContextEnabled: true, mobileEmulationEnabled: false, nativeEvents: true, networkConnectionEnabled: false, pageLoadStrategy: normal, platform: XP, platformName: XP, rotatable: false, setWindowRect: true, takesHeapSnapshot: true, takesScreenshot: true, unexpectedAlertBehaviour: , unhandledPromptBehavior: , version: 76.0.3809.132, webStorageEnabled: true}
Session ID: f88a7f9012fe3742dca010b2315fc0f1">
      <![CDATA[org.openqa.selenium.TimeoutException: timeout
  (Session info: chrome=76.0.3809.132)
  (Driver info: chromedriver=2.35.528161 (5b82f2d2aae0ca24b877009200ced9065a772e73),platform=Windows NT 10.0.17134 x86_64) (WARNING: The server did not provide any stacktrace information)
Command duration or timeout: 0 milliseconds
Build info: version: '3.141.59', revision: 'e82be7d358', time: '2018-11-14T08:17:03'
System info: host: 'SHELW42SLPC0883', ip: '10.42.62.123', os.name: 'Windows 10', os.arch: 'amd64', os.version: '10.0', java.version: '1.8.0_121'
Driver info: org.openqa.selenium.chrome.ChromeDriver
Capabilities {acceptInsecureCerts: false, acceptSslCerts: false, applicationCacheEnabled: false, browserConnectionEnabled: false, browserName: chrome, chrome: {chromedriverVersion: 2.35.528161 (5b82f2d2aae0ca..., userDataDir: C:\Users\sb49849.IND\AppDat...}, cssSelectorsEnabled: true, databaseEnabled: false, handlesAlerts: true, hasTouchScreen: false, javascriptEnabled: true, locationContextEnabled: true, mobileEmulationEnabled: false, nativeEvents: true, networkConnectionEnabled: false, pageLoadStrategy: normal, platform: XP, platformName: XP, rotatable: false, setWindowRect: true, takesHeapSnapshot: true, takesScreenshot: true, unexpectedAlertBehaviour: , unhandledPromptBehavior: , version: 76.0.3809.132, webStorageEnabled: true}
Session ID: f88a7f9012fe3742dca010b2315fc0f1
	at org.openqa.selenium.remote.ErrorHandler.createThrowable(ErrorHandler.java:214)
	at org.openqa.selenium.remote.ErrorHandler.throwIfResponseFailed(ErrorHandler.java:166)
	at org.openqa.selenium.remote.http.JsonHttpResponseCodec.reconstructValue(JsonHttpResponseCodec.java:40)
	at org.openqa.selenium.remote.http.AbstractHttpResponseCodec.decode(AbstractHttpResponseCodec.java:80)
	at org.openqa.selenium.remote.http.AbstractHttpResponseCodec.decode(AbstractHttpResponseCodec.java:44)
	at org.openqa.selenium.remote.HttpCommandExecutor.execute(HttpCommandExecutor.java:158)
	at org.openqa.selenium.remote.service.DriverCommandExecutor.execute(DriverCommandExecutor.java:83)
	at org.openqa.selenium.remote.RemoteWebDriver.execute(RemoteWebDriver.java:552)
	at org.openqa.selenium.remote.RemoteWebElement.execute(RemoteWebElement.java:285)
	at org.openqa.selenium.remote.RemoteWebElement.click(RemoteWebElement.java:84)
	at org.openqa.selenium.support.pagefactory.internal.LocatingElementHandler.invoke(LocatingElementHandler.java:51)
	at com.sun.proxy.$Proxy13.click(Unknown Source)
	at com.Shell.qa.Pages.LoginPage.Login(LoginPage.java:44)
	at com.Shell.qa.TestCases.HomePageTest.SetUp(HomePageTest.java:45)
... Removed 34 stack frames]]>
    </failure>
  </testcase> <!-- @BeforeMethod SetUp -->
  <testcase name="@AfterMethod QuitBrowser" time="0.0" classname="com.Shell.qa.TestCases.HomePageTest">
    <skipped/>
  </testcase> <!-- @AfterMethod QuitBrowser -->
  <testcase name="@BeforeMethod SetUp" time="0.0" classname="com.Shell.qa.TestCases.HomePageTest">
    <skipped/>
  </testcase> <!-- @BeforeMethod SetUp -->
  <testcase name="@AfterMethod QuitBrowser" time="0.0" classname="com.Shell.qa.TestCases.HomePageTest">
    <skipped/>
  </testcase> <!-- @AfterMethod QuitBrowser -->
  <testcase name="@BeforeMethod SetUp" time="0.0" classname="com.Shell.qa.TestCases.HomePageTest">
    <skipped/>
  </testcase> <!-- @BeforeMethod SetUp -->
  <testcase name="@AfterMethod QuitBrowser" time="0.0" classname="com.Shell.qa.TestCases.HomePageTest">
    <skipped/>
  </testcase> <!-- @AfterMethod QuitBrowser -->
  <testcase name="@BeforeMethod SetUp" time="0.0" classname="com.Shell.qa.TestCases.HomePageTest">
    <skipped/>
  </testcase> <!-- @BeforeMethod SetUp -->
  <testcase name="@AfterMethod QuitBrowser" time="0.0" classname="com.Shell.qa.TestCases.HomePageTest">
    <skipped/>
  </testcase> <!-- @AfterMethod QuitBrowser -->
  <testcase name="@BeforeMethod SetUp" time="0.0" classname="com.Shell.qa.TestCases.HomePageTest">
    <skipped/>
  </testcase> <!-- @BeforeMethod SetUp -->
  <testcase name="@AfterMethod QuitBrowser" time="0.0" classname="com.Shell.qa.TestCases.HomePageTest">
    <skipped/>
  </testcase> <!-- @AfterMethod QuitBrowser -->
  <testcase name="@BeforeMethod SetUp" time="0.0" classname="com.Shell.qa.TestCases.HomePageTest">
    <skipped/>
  </testcase> <!-- @BeforeMethod SetUp -->
  <testcase name="@AfterMethod QuitBrowser" time="0.0" classname="com.Shell.qa.TestCases.HomePageTest">
    <skipped/>
  </testcase> <!-- @AfterMethod QuitBrowser -->
  <testcase name="@BeforeMethod SetUp" time="0.0" classname="com.Shell.qa.TestCases.HomePageTest">
    <skipped/>
  </testcase> <!-- @BeforeMethod SetUp -->
  <testcase name="@AfterMethod QuitBrowser" time="0.0" classname="com.Shell.qa.TestCases.HomePageTest">
    <skipped/>
  </testcase> <!-- @AfterMethod QuitBrowser -->
  <testcase name="@BeforeMethod SetUp" time="0.0" classname="com.Shell.qa.TestCases.HomePageTest">
    <skipped/>
  </testcase> <!-- @BeforeMethod SetUp -->
  <testcase name="@AfterMethod QuitBrowser" time="0.0" classname="com.Shell.qa.TestCases.HomePageTest">
    <skipped/>
  </testcase> <!-- @AfterMethod QuitBrowser -->
  <testcase name="@AfterTest endReport" time="0.0" classname="com.Shell.qa.TestCases.HomePageTest">
    <skipped/>
  </testcase> <!-- @AfterTest endReport -->
  <testcase name="ValidateHomePage" time="0.004" classname="com.Shell.qa.TestCases.HomePageTest">
    <skipped/>
  </testcase> <!-- ValidateHomePage -->
  <testcase name="ValidateOrderaCardLink" time="0.0" classname="com.Shell.qa.TestCases.HomePageTest">
    <skipped/>
  </testcase> <!-- ValidateOrderaCardLink -->
  <testcase name="ValidateBlockCardLink" time="0.004" classname="com.Shell.qa.TestCases.HomePageTest">
    <skipped/>
  </testcase> <!-- ValidateBlockCardLink -->
  <testcase name="ValidateCancelCardLink" time="0.0" classname="com.Shell.qa.TestCases.HomePageTest">
    <skipped/>
  </testcase> <!-- ValidateCancelCardLink -->
  <testcase name="ValidateCardActivityLink" time="0.004" classname="com.Shell.qa.TestCases.HomePageTest">
    <skipped/>
  </testcase> <!-- ValidateCardActivityLink -->
  <testcase name="ValidateCardsLink" time="0.004" classname="com.Shell.qa.TestCases.HomePageTest">
    <skipped/>
  </testcase> <!-- ValidateCardsLink -->
  <testcase name="ValidateFinanceLink" time="0.004" classname="com.Shell.qa.TestCases.HomePageTest">
    <skipped/>
  </testcase> <!-- ValidateFinanceLink -->
  <testcase name="HomeTest" time="0.004" classname="com.Shell.qa.TestCases.HomePageTest">
    <skipped/>
  </testcase> <!-- HomeTest -->
</testsuite> <!-- HomePageTest -->
