<?xml version="1.0" encoding="UTF-8"?>
<!-- Generated by org.testng.reporters.JUnitXMLReporter -->
<testsuite hostname="SHELW42SLPC0883" name="TC02_HomePageTest" tests="3" failures="2" timestamp="1 Oct 2019 09:03:34 GMT" time="140.099" errors="0">
  <testcase name="ValidateHomePage" time="0.063" classname="com.Shell.qa.TestCases.TC02_HomePageTest"/>
  <testcase name="HomeTest" time="20.211" classname="com.Shell.qa.TestCases.TC02_HomePageTest">
    <failure type="java.lang.AssertionError" message="On clicking cards from home page, unsuccessful to move to Cards Page">
      <![CDATA[java.lang.AssertionError: On clicking cards from home page, unsuccessful to move to Cards Page
	at com.Shell.qa.TestCases.TC02_HomePageTest.HomeTest(TC02_HomePageTest.java:134)
... Removed 25 stack frames]]>
    </failure>
  </testcase> <!-- HomeTest -->
  <testcase name="HomeTest" time="20.194" classname="com.Shell.qa.TestCases.TC02_HomePageTest">
    <failure type="java.lang.AssertionError" message="On clicking cards from home page, unsuccessful to move to Cards Page">
      <![CDATA[java.lang.AssertionError: On clicking cards from home page, unsuccessful to move to Cards Page
	at com.Shell.qa.TestCases.TC02_HomePageTest.HomeTest(TC02_HomePageTest.java:134)
... Removed 25 stack frames]]>
    </failure>
  </testcase> <!-- HomeTest -->
</testsuite> <!-- TC02_HomePageTest -->
